c:\users\nristow\source\repos\labdrivers1\labdriver\debug\vc120.pdb
c:\users\nristow\source\repos\labdrivers1\labdriver\debug\vc120.idb
c:\users\nristow\source\repos\labdrivers1\labdriver\debug\labview.obj
c:\users\nristow\source\repos\labdrivers1\labdriver\debug\freemode.obj
c:\users\nristow\source\repos\labdrivers1\labdriver\debug\headers.obj
c:\users\nristow\source\repos\labdrivers1\labdriver\debug\highresclock.obj
c:\users\nristow\source\repos\labdrivers1\labdriver\debug\messages.obj
c:\users\nristow\source\repos\labdrivers1\labdriver\debug\motorcontroller.obj
c:\users\nristow\source\repos\labdrivers1\labdriver\debug\stdafx.obj
c:\users\nristow\source\repos\labdrivers1\labdriver\debug\labdriver.obj
c:\users\nristow\source\repos\labdrivers1\labdriver\debug\voltagecontrol.obj
c:\users\nristow\source\repos\labdrivers1\labdriver\debug\comport.obj
c:\users\nristow\source\repos\labdrivers1\labdriver\debug\labutilities.obj
c:\users\nristow\source\repos\labdrivers1\labdriver\debug\rootgraph.obj
c:\users\nristow\source\repos\labdrivers1\labdriver\debug\vxmdriver.obj
c:\users\nristow\source\repos\labdrivers1\labdriver\debug\weinercounter.obj
c:\users\nristow\source\repos\labdrivers1\debug\labdriver.exe
c:\users\nristow\source\repos\labdrivers1\debug\labdriver.pdb
c:\users\nristow\source\repos\labdrivers1\labdriver\debug\labdriver.vcxprojresolveassemblyreference.cache
c:\users\nristow\source\repos\labdrivers1\labdriver\debug\labdriver.tlog\cl.command.1.tlog
c:\users\nristow\source\repos\labdrivers1\labdriver\debug\labdriver.tlog\cl.read.1.tlog
c:\users\nristow\source\repos\labdrivers1\labdriver\debug\labdriver.tlog\cl.write.1.tlog
c:\users\nristow\source\repos\labdrivers1\labdriver\debug\labdriver.tlog\link.command.1.tlog
c:\users\nristow\source\repos\labdrivers1\labdriver\debug\labdriver.tlog\link.read.1.tlog
c:\users\nristow\source\repos\labdrivers1\labdriver\debug\labdriver.tlog\link.write.1.tlog
